Microsoft (R) Macro Assembler Version 14.37.32824.0	    09/17/23 22:56:59
AddTwo.asm						     Page 1 - 1


				; AddTwo.asm - adds two 32-bit integers.
				; Chapter 3 example

				.386
				.model flat,stdcall
				.stack 4096

				ExitProcess proto,dwExitCode:dword

 00000000			.data
 00000000 00000000		sum DWORD 0
 00000004 00000000		subtract DWORD 0

 00000008 00000000		sum2 DWORD 0
 0000000C 00000004		multiplication DWORD 4;
 00000010 00000000		ans DWORD 0

 00000000			.code
 00000000			main proc
							comment !
							; Task1
							mov eax, 10
							sub eax, 7
							mov subtract,eax

							mov eax, 5
							add eax, 6
							mov sum,eax

							mov eax ,9
							mul sum
							mul subtract
							!


							;Task 2
 00000000  B8 00000005					mov eax ,5
 00000005  F7 25 0000000C R				mul multiplication
 0000000B  A3 0000000C R				mov multiplication , eax

 00000010  B8 00000003					mov eax ,3
 00000015  83 C0 07					add eax ,7
 00000018  A3 00000008 R				mov sum2 , eax

 0000001D  A1 0000000C R				mov eax , multiplication
 00000022  2B 05 00000008 R				sub eax , sum2 
 00000028  A3 00000010 R				mov ans , eax

 0000002D  B8 00000015					mov eax, 21
 00000032  F7 25 00000010 R				mul ans

							

					invoke ExitProcess,0
 00000038  6A 00	   *	    push   +000000000h
 0000003A  E8 00000000 E   *	    call   ExitProcess
 0000003F			main endp
				end main
Microsoft (R) Macro Assembler Version 14.37.32824.0	    09/17/23 22:56:59
AddTwo.asm						     Symbols 2 - 1




Segments and Groups:

                N a m e                 Size     Length   Align   Combine Class

FLAT . . . . . . . . . . . . . .	GROUP
STACK  . . . . . . . . . . . . .	32 Bit	 00001000 DWord	  Stack	  'STACK'	 
_DATA  . . . . . . . . . . . . .	32 Bit	 00000014 DWord	  Public  'DATA'	
_TEXT  . . . . . . . . . . . . .	32 Bit	 0000003F DWord	  Public  'CODE'	


Procedures, parameters, and locals:

                N a m e                 Type     Value    Attr

ExitProcess  . . . . . . . . . .	P Near	 00000000 FLAT	Length= 00000000 External STDCALL
main . . . . . . . . . . . . . .	P Near	 00000000 _TEXT	Length= 0000003F Public STDCALL


Symbols:

                N a m e                 Type     Value    Attr

@CodeSize  . . . . . . . . . . .	Number	 00000000h   
@DataSize  . . . . . . . . . . .	Number	 00000000h   
@Interface . . . . . . . . . . .	Number	 00000003h   
@Model . . . . . . . . . . . . .	Number	 00000007h   
@code  . . . . . . . . . . . . .	Text   	 _TEXT
@data  . . . . . . . . . . . . .	Text   	 FLAT
@fardata?  . . . . . . . . . . .	Text   	 FLAT
@fardata . . . . . . . . . . . .	Text   	 FLAT
@stack . . . . . . . . . . . . .	Text   	 FLAT
ans  . . . . . . . . . . . . . .	DWord	 00000010 _DATA	
multiplication . . . . . . . . .	DWord	 0000000C _DATA	
subtract . . . . . . . . . . . .	DWord	 00000004 _DATA	
sum2 . . . . . . . . . . . . . .	DWord	 00000008 _DATA	
sum  . . . . . . . . . . . . . .	DWord	 00000000 _DATA	

	   0 Warnings
	   0 Errors
